<?xml version="1.0" encoding="UTF-8"?>
<!-- Generated by org.testng.reporters.JUnitReportReporter -->
<testsuite hostname="Zlaja-PC" name="com.facebook.test.LoginTest" tests="1" failures="0" timestamp="18 Jun 2018 07:35:29 GMT" time="7.606" errors="0">
  <testcase name="testLoginMainPage" time="7.606" classname="com.facebook.test.LoginTest"/>
</testsuite> <!-- com.facebook.test.LoginTest -->
