<?xml version="1.0" encoding="UTF-8"?>
<!-- Generated by org.testng.reporters.JUnitReportReporter -->
<testsuite hostname="Zlaja-PC" name="com.facebook.test.LoginTest" tests="2" failures="0" timestamp="17 Jun 2018 23:52:12 GMT" time="8.384" errors="0">
  <testcase name="loadPage" time="2.758" classname="com.facebook.test.LoginTest"/>
  <testcase name="testLoginMainPage" time="5.626" classname="com.facebook.test.LoginTest"/>
</testsuite> <!-- com.facebook.test.LoginTest -->
